<?xml version="1.0" encoding="UTF-8" ?>
<testsuite tests="12" failures="0" name="ChromeTest" time="35.748" errors="0" skipped="0">
  <properties>
[...]
</properties>
  <testcase classname="ChromeTest" name="searchInCorrectTest" time="14.333"/>
  <testcase classname="ChromeTest" name="FormCreateTest" time="3.503"/>
  <testcase classname="ChromeTest" name="searchTest" time="1.208"/>
  <testcase classname="ChromeTest" name="CreateRunTest" time="5.306"/>
  <testcase classname="ChromeTest" name="loginCorrect" time="1.413"/>
  <testcase classname="ChromeTest" name="EditRunTest" time="1.892"/>
  <testcase classname="ChromeTest" name="searchEmptyTest" time="1.181"/>
  <testcase classname="ChromeTest" name="DeleteCarTest" time="1.902"/>
  <testcase classname="ChromeTest" name="FormFailCreateTest" time="2.033"/>
  <testcase classname="ChromeTest" name="loginInCorrect" time="0.884"/>
  <testcase classname="ChromeTest" name="EditFailRunTest" time="0.952"/>
  <testcase classname="ChromeTest" name="DeleteNotAcceptCarTest" time="1.141"/>
</testsuite>